[2026/01/13 21:58:58 INFO]:           __             _       
[2026/01/13 21:58:58 INFO]:   _ __   / /  ___   __ _(_)_ __  
[2026/01/13 21:58:58 INFO]:  | '_ \ / /  / _ \ / _` | | '_ \ 
[2026/01/13 21:58:58 INFO]:  | | | / /__| (_) | (_| | | | | |
[2026/01/13 21:58:58 INFO]:  |_| |_\____/\___/ \__, |_|_| |_|
[2026/01/13 21:58:58 INFO]:                   |___/            
[2026/01/13 21:58:58 INFO]:  By: www.nickuc.com - V 2.0.9
[2026/01/13 21:58:58 INFO]:  
[2026/01/13 21:58:59 DEBUG]: Loading the messages_en.yml message file...
[2026/01/13 21:58:59 DEBUG]: Messages were loaded in 138 ms (single file).
[2026/01/13 21:59:00 DEBUG]: Settings were loaded in 1751 ms.
[2026/01/13 21:59:00 DEBUG]: Loading database...
[2026/01/13 21:59:01 DEBUG]: Starting logger filter...
[2026/01/13 21:59:26 INFO]: 
[2026/01/13 21:59:26 INFO]:  Thank you so much for choosing nLogin! :)
[2026/01/13 21:59:26 INFO]: 
[2026/01/13 21:59:26 INFO]:  For your safety, please read the message below:
[2026/01/13 21:59:26 INFO]:   Never download nLogin from unknown sources.
[2026/01/13 21:59:26 INFO]:   A modified version may contain malicious software.
[2026/01/13 21:59:26 INFO]: 
[2026/01/13 21:59:26 INFO]:  Trusted sources:
[2026/01/13 21:59:26 INFO]:   Website: nickuc.com
[2026/01/13 21:59:26 INFO]:   GitHub: github.com/nickuc-com
[2026/01/13 21:59:26 INFO]:   OpeNLogin installer (from Spigot or GitHub)
[2026/01/13 21:59:26 INFO]: 
[2026/01/13 21:59:26 INFO]:  Official support:
[2026/01/13 21:59:26 INFO]:   Documentation: docs.nickuc.com/nlogin/
[2026/01/13 21:59:26 INFO]:   Discord: nickuc.com/discord
[2026/01/13 21:59:26 INFO]:   Email: support@nickuc.com
[2026/01/13 21:59:26 INFO]: 
[2026/01/13 22:00:04 DEBUG]: Loading the messages_en.yml message file...
[2026/01/13 22:00:45 DEBUG]: Loading the messages_en.yml message file...
[2026/01/13 22:00:45 DEBUG]: Messages were loaded in 21 ms (single file).
[2026/01/13 22:00:45 DEBUG]: Settings were loaded in 33 ms.
[2026/01/13 22:00:56 DEBUG]: [SQLite] [UPDATE]: "INSERT INTO `nlogin` (`last_name`, `unique_id`, `mojang_id`, `bedrock_id`, `password`, `last_ip`, `creation_date`, `last_seen`, `email`, `discord`, `settings`) VALUES ('MrGameBlaze', 5c281a75096138af947ae8220a273a73, null, null, '$argon2id$v=19$m=32768,t=5,p=1$Jup5puLw9i6HjAtZvZ8wRg$QOEtuUyCbcm0G7vDtZHSui8hNEfnM/1gDtTZ4ksehro', '127.135.103.139', '2026-01-13 22:00:56.444', '2026-01-13 22:00:56.444', null, null, '{"settings":[{"value":true,"key":"force-invalid-session"}],"version":0}')" (applied to all columns)
[2026/01/13 22:00:56 INFO]: The user MrGameBlaze has successfully registered.
[2026/01/13 22:08:35 DEBUG]: [SQLite] [UPDATE]: "UPDATE `nlogin` SET `last_name` = 'MrGameBlaze', `unique_id` = 5c281a75096138af947ae8220a273a73,  `mojang_id` = null,  `bedrock_id` = null,  `password` = '$argon2id$v=19$m=32768,t=5,p=1$Jup5puLw9i6HjAtZvZ8wRg$QOEtuUyCbcm0G7vDtZHSui8hNEfnM/1gDtTZ4ksehro', `last_ip` = '127.135.103.139', `creation_date` = 2026-01-13 22:00:56.444, `last_seen` = 2026-01-13 22:08:35.978, `email` = null, `discord` = null, `settings` = '{"settings":[{"value":true,"key":"force-invalid-session"},{"value":"en","key":"language"}],"version":0}' WHERE `ai` = 1" (applied to [last_seen, settings] columns)
