[2026/01/13 21:35:38 INFO]:           __             _       
[2026/01/13 21:35:38 INFO]:   _ __   / /  ___   __ _(_)_ __  
[2026/01/13 21:35:38 INFO]:  | '_ \ / /  / _ \ / _` | | '_ \ 
[2026/01/13 21:35:38 INFO]:  | | | / /__| (_) | (_| | | | | |
[2026/01/13 21:35:38 INFO]:  |_| |_\____/\___/ \__, |_|_| |_|
[2026/01/13 21:35:38 INFO]:                   |___/            
[2026/01/13 21:35:38 INFO]:  By: www.nickuc.com - V 2.0.9
[2026/01/13 21:35:38 INFO]:  
[2026/01/13 21:35:39 DEBUG]: The config.yml file was created successfully.
[2026/01/13 21:35:39 DEBUG]: Loading the messages_en.yml message file...
[2026/01/13 21:35:39 DEBUG]: Messages were loaded in 136 ms (single file).
[2026/01/13 21:35:40 DEBUG]: Settings were loaded in 1242 ms.
[2026/01/13 21:35:40 DEBUG]: Loading database...
[2026/01/13 21:35:40 INFO]: Generating RSA keypair... (this may take a while)
[2026/01/13 21:35:42 INFO]: The RSA key pair was successfully generated. Took 1.62s
[2026/01/13 21:35:42 DEBUG]: Starting logger filter...
[2026/01/13 21:36:07 INFO]: 
[2026/01/13 21:36:07 INFO]:  Thank you so much for choosing nLogin! :)
[2026/01/13 21:36:07 INFO]: 
[2026/01/13 21:36:07 INFO]:  For your safety, please read the message below:
[2026/01/13 21:36:07 INFO]:   Never download nLogin from unknown sources.
[2026/01/13 21:36:07 INFO]:   A modified version may contain malicious software.
[2026/01/13 21:36:07 INFO]: 
[2026/01/13 21:36:07 INFO]:  Trusted sources:
[2026/01/13 21:36:07 INFO]:   Website: nickuc.com
[2026/01/13 21:36:07 INFO]:   GitHub: github.com/nickuc-com
[2026/01/13 21:36:07 INFO]:   OpeNLogin installer (from Spigot or GitHub)
[2026/01/13 21:36:07 INFO]: 
[2026/01/13 21:36:07 INFO]:  Official support:
[2026/01/13 21:36:07 INFO]:   Documentation: docs.nickuc.com/nlogin/
[2026/01/13 21:36:07 INFO]:   Discord: nickuc.com/discord
[2026/01/13 21:36:07 INFO]:   Email: support@nickuc.com
[2026/01/13 21:36:07 INFO]: 
[2026/01/13 21:37:00 INFO]: Successful plugin core shutdown (took 0.00s)
