[14:12:32] [ServerMain/INFO]: [bootstrap] Running Java 21 (OpenJDK 64-Bit Server VM 21.0.9+10-Ubuntu-124.04; Ubuntu null) on Linux 6.8.0-1030-azure (amd64)
[14:12:32] [ServerMain/INFO]: [bootstrap] Loading Paper 1.21.11-92-main@e7445e1 (2026-01-11T23:38:04Z) for Minecraft 1.21.11
[14:12:32] [ServerMain/INFO]: [PluginInitializerManager] Initializing plugins...
[14:12:38] [ServerMain/INFO]: [PluginInitializerManager] Initialized 13 plugins
[14:12:38] [ServerMain/INFO]: [PluginInitializerManager] Bukkit plugins (13):
 - Chunky (1.4.40), Essentials (2.21.2), Geyser-Spigot (2.9.2-SNAPSHOT), LagFixer (1.5.1.9 [build 140]), LuckPerms (5.5.24), PlaceholderAPI (2.11.7), SkinsRestorer (15.9.3), TAB (5.4.0), ViaBackwards (5.7.0), ViaRewind (4.0.13), ViaVersion (5.7.0), nAntiBot (2.0.4), nLogin (2.0.9)
[14:12:46] [ServerMain/INFO]: Environment: Environment[sessionHost=https://sessionserver.mojang.com, servicesHost=https://api.minecraftservices.com, profilesHost=https://api.mojang.com, name=PROD]
[14:12:50] [ServerMain/INFO]: Loaded 1470 recipes
[14:12:50] [ServerMain/INFO]: Loaded 1584 advancements
[14:12:50] [ServerMain/INFO]: [ca.spottedleaf.dataconverter.minecraft.datatypes.MCTypeRegistry] Initialising converters for DataConverter...
[14:12:51] [ServerMain/INFO]: [ca.spottedleaf.dataconverter.minecraft.datatypes.MCTypeRegistry] Finished initialising converters for DataConverter in 786.8ms
[14:12:51] [Server thread/INFO]: Starting minecraft server version 1.21.11
[14:12:51] [Server thread/INFO]: Loading properties
[14:12:51] [Server thread/INFO]: This server is running Paper version 1.21.11-92-main@e7445e1 (2026-01-11T23:38:04Z) (Implementing API version 1.21.11-R0.1-SNAPSHOT)
[14:12:52] [Server thread/INFO]: [spark] This server bundles the spark profiler. For more information please visit https://docs.papermc.io/paper/profiling
[14:12:52] [Server thread/INFO]: Server Ping Player Sample Count: 12
[14:12:52] [Server thread/INFO]: Using 4 threads for Netty based IO
[14:12:53] [Server thread/INFO]: [MoonriseCommon] Paper is using 1 worker threads, 1 I/O threads
[14:12:54] [Server thread/INFO]: Default game type: SURVIVAL
[14:12:54] [Server thread/INFO]: Generating keypair
[14:12:54] [Server thread/INFO]: Starting Minecraft server on *:25565
[14:12:54] [Server thread/INFO]: Paper: Using libdeflate (Linux x86_64) compression from Velocity.
[14:12:54] [Server thread/INFO]: Paper: Using OpenSSL 3.x.x (Linux x86_64) cipher from Velocity.
[14:12:56] [Server thread/INFO]: [SpigotLibraryLoader] [LagFixer] Loading 1 libraries... please wait
[14:12:56] [Server thread/INFO]: [SpigotLibraryLoader] [LagFixer] Loaded library /workspaces/laughing-octo-sniffle/servidor_minecraft/libraries/com/github/oshi/oshi-core/6.9.1/oshi-core-6.9.1.jar
[14:12:56] [Server thread/INFO]: [SpigotLibraryLoader] [LagFixer] Loaded library /workspaces/laughing-octo-sniffle/servidor_minecraft/libraries/net/java/dev/jna/jna/5.18.1/jna-5.18.1.jar
[14:12:56] [Server thread/INFO]: [SpigotLibraryLoader] [LagFixer] Loaded library /workspaces/laughing-octo-sniffle/servidor_minecraft/libraries/net/java/dev/jna/jna-platform/5.18.1/jna-platform-5.18.1.jar
[14:12:56] [Server thread/INFO]: [SpigotLibraryLoader] [LagFixer] Loaded library /workspaces/laughing-octo-sniffle/servidor_minecraft/libraries/org/slf4j/slf4j-api/2.0.17/slf4j-api-2.0.17.jar
[14:12:56] [Server thread/INFO]: [ViaVersion] Loading server plugin ViaVersion v5.7.0
[14:12:56] [Server thread/INFO]: [ViaVersion] ViaVersion 5.7.0 is now loaded. Registering protocol transformers and injecting...
[14:12:57] [Via-Mappingloader-1/INFO]: [ViaVersion] Loading block connection mappings ...
[14:12:58] [Via-Mappingloader-1/INFO]: [ViaVersion] Using FastUtil Long2ObjectOpenHashMap for block connections
[14:12:58] [Server thread/INFO]: [ViaBackwards] Loading translations...
[14:12:58] [Server thread/INFO]: [ViaBackwards] Registering protocols...
[14:12:59] [Server thread/INFO]: [ViaRewind] Registering protocols...
[14:13:00] [Server thread/INFO]: [ViaBackwards] Loading server plugin ViaBackwards v5.7.0
[14:13:00] [Server thread/INFO]: [PlaceholderAPI] Loading server plugin PlaceholderAPI v2.11.7
[14:13:00] [Server thread/INFO]: [LuckPerms] Loading server plugin LuckPerms v5.5.24
[14:13:01] [Server thread/INFO]: [LuckPerms] Loading configuration...
[14:13:01] [Server thread/INFO]: [ViaRewind] Loading server plugin ViaRewind v4.0.13
[14:13:01] [Server thread/INFO]: [SkinsRestorer] Loading server plugin SkinsRestorer v15.9.3
[14:13:01] [Server thread/INFO]: [Chunky] Loading server plugin Chunky v1.4.40
[14:13:01] [Server thread/INFO]: [nLogin] Loading server plugin nLogin v2.0.9
[14:13:01] [Server thread/INFO]: [nLogin] Removing unused dependencies (7)
[14:13:02] [Server thread/INFO]: [nAntiBot] Loading server plugin nAntiBot v2.0.4
[14:13:04] [Server thread/INFO]: [Geyser-Spigot] Loading server plugin Geyser-Spigot v2.9.2-SNAPSHOT
[14:13:04] [Server thread/INFO]: [Geyser-Spigot] Loading extensions...
[14:13:04] [Server thread/INFO]: [Geyser-Spigot] Loaded 0 extension(s)
[14:13:04] [Server thread/INFO]: [[38;5;11m⚡[0m] Loading server plugin LagFixer v1.5.1.9 [build 140]
[14:13:04] [Server thread/INFO]: [Essentials] Loading server plugin Essentials v2.21.2
[14:13:04] [Server thread/INFO]: [TAB] Loading server plugin TAB v5.4.0
[14:13:04] [Server thread/INFO]: Server permissions file permissions.yml is empty, ignoring it
[14:13:04] [Server thread/INFO]: [LuckPerms] Enabling LuckPerms v5.5.24
[14:13:05] [Server thread/INFO]:         __    
[14:13:05] [Server thread/INFO]:   |    |__)   LuckPerms v5.5.24
[14:13:05] [Server thread/INFO]:   |___ |      Running on Bukkit - Paper
[14:13:05] [Server thread/INFO]: 
[14:13:05] [Server thread/INFO]: [LuckPerms] Loading storage provider... [H2]
[14:13:06] [Server thread/INFO]: [LuckPerms] Loading internal permission managers...
[14:13:06] [Server thread/INFO]: [LuckPerms] Performing initial data load...
[14:13:06] [Server thread/INFO]: [LuckPerms] Successfully enabled. (took 1987ms)
[14:13:06] [Server thread/INFO]: [ViaRewind] Enabling ViaRewind v4.0.13
[14:13:06] [Server thread/INFO]: [SkinsRestorer] Enabling SkinsRestorer v15.9.3
[14:13:08] [Server thread/INFO]: [SkinsRestorer] Running on Minecraft 1.21.11.
[14:13:09] [Server thread/INFO]: [SkinsRestorer] Using paper join listener!
[14:13:09] [Server thread/INFO]: [PlaceholderAPI] Successfully registered internal expansion: skinsrestorer [15.9.3]
[14:13:09] [Server thread/INFO]: [SkinsRestorer] PlaceholderAPI expansion registered!
[14:13:09] [Server thread/INFO]: [nLogin] Enabling nLogin v2.0.9
[14:13:09] [Folia Async Scheduler Thread #1/INFO]: [SkinsRestorer] ----------------------------------------------
[14:13:09] [Folia Async Scheduler Thread #1/INFO]: [SkinsRestorer]     +==================+
[14:13:09] [Folia Async Scheduler Thread #1/INFO]: [SkinsRestorer]     |   SkinsRestorer  |
[14:13:09] [Folia Async Scheduler Thread #1/INFO]: [SkinsRestorer]     |------------------|
[14:13:09] [Folia Async Scheduler Thread #1/INFO]: [SkinsRestorer]     |  Standalone Mode |
[14:13:09] [Folia Async Scheduler Thread #1/INFO]: [SkinsRestorer]     +==================+
[14:13:09] [Folia Async Scheduler Thread #1/INFO]: [SkinsRestorer] ----------------------------------------------
[14:13:09] [Folia Async Scheduler Thread #1/INFO]: [SkinsRestorer]     Version: 15.9.3
[14:13:09] [Folia Async Scheduler Thread #1/INFO]: [SkinsRestorer]     Commit: 989bf18
[14:13:09] [Folia Async Scheduler Thread #1/INFO]: [SkinsRestorer]     This is the latest version!
[14:13:09] [Folia Async Scheduler Thread #1/INFO]: [SkinsRestorer] ----------------------------------------------
[14:13:09] [Folia Async Scheduler Thread #1/INFO]: [SkinsRestorer] Do you have issues? Read our troubleshooting guide: https://skinsrestorer.net/docs/troubleshooting
[14:13:09] [Folia Async Scheduler Thread #1/INFO]: [SkinsRestorer] Want to support SkinsRestorer? Consider donating: https://skinsrestorer.net/donate
[14:13:10] [Server thread/INFO]: [nLogin] Successful plugin core start (took 0.41s)
[14:13:10] [Server thread/INFO]: [nLogin]           __             _       
[14:13:10] [Server thread/INFO]: [nLogin]   _ __   / /  ___   __ _(_)_ __  
[14:13:10] [Server thread/INFO]: [nLogin]  | '_ \ / /  / _ \ / _` | | '_ \ 
[14:13:10] [Server thread/INFO]: [nLogin]  | | | / /__| (_) | (_| | | | | |
[14:13:10] [Server thread/INFO]: [nLogin]  |_| |_\____/\___/ \__, |_|_| |_|
[14:13:10] [Server thread/INFO]: [nLogin]                   |___/            
[14:13:10] [Server thread/INFO]: [nLogin]  By: www.nickuc.com - V 2.0.9
[14:13:10] [Server thread/INFO]: [nLogin]  
[14:13:18] [Server thread/INFO]: [nAntiBot] Enabling nAntiBot v2.0.4
[14:13:18] [Server thread/INFO]: [nAntiBot] Successful plugin core start (took 0.22s)
[14:13:18] [Server thread/INFO]: [nAntiBot]           _         _   _   ___       _   
[14:13:18] [Server thread/INFO]: [nAntiBot]   _ __   /_\  _ __ | |_(_) / __\ ___ | |_ 
[14:13:18] [Server thread/INFO]: [nAntiBot]  | '_ \ //_\\| '_ \| __| |/__\/// _ \| __|
[14:13:18] [Server thread/INFO]: [nAntiBot]  | | | /  _  \ | | | |_| / \/  \ (_) | |_ 
[14:13:18] [Server thread/INFO]: [nAntiBot]  |_| |_\_/ \_/_| |_|\__|_\_____/\___/ \__|
[14:13:18] [Server thread/INFO]: [nAntiBot]                                          
[14:13:18] [Server thread/INFO]: [nAntiBot]  By: www.nickuc.com - V 2.0.4
[14:13:18] [Server thread/INFO]: [nAntiBot] 
[14:13:20] [Server thread/WARN]: **** SERVER IS RUNNING IN OFFLINE/INSECURE MODE!
[14:13:20] [Folia Async Scheduler Thread #2/INFO]: [nAntiBot] Connecting to the remote server antibot.nickuc.com...
[14:13:20] [Server thread/WARN]: The server will make no attempt to authenticate usernames. Beware.
[14:13:20] [Server thread/WARN]: While this makes the game possible to play without internet access, it also opens up the ability for hackers to connect with any username they choose.
[14:13:20] [Server thread/WARN]: To change this, set "online-mode" to "true" in the server.properties file.
[14:13:20] [Server thread/INFO]: Preparing level "world"
[14:13:20] [Server thread/INFO]: [ca.spottedleaf.moonrise.common.util.MoonriseConstants] NUMA enable flag is not set; however there is NUMA interaction support for this OS.
[14:13:20] [Server thread/INFO]: [ca.spottedleaf.moonrise.common.util.MoonriseConstants] Detected 1 NUMA nodes.
[14:13:21] [Server thread/INFO]: Loading 0 persistent chunks for world 'minecraft:overworld'...
[14:13:21] [Server thread/INFO]: Preparing spawn area: 100%
[14:13:21] [Server thread/INFO]: Prepared spawn area in 2 ms
[14:13:21] [Server thread/INFO]: Loading 0 persistent chunks for world 'minecraft:the_nether'...
[14:13:21] [Server thread/INFO]: Prepared spawn area in 0 ms
[14:13:21] [Server thread/INFO]: Loading 0 persistent chunks for world 'minecraft:the_end'...
[14:13:21] [Server thread/INFO]: Prepared spawn area in 0 ms
[14:13:21] [Server thread/INFO]: Done preparing level "world" (0.903s)
[14:13:21] [Server thread/INFO]: [ViaVersion] Enabling ViaVersion v5.7.0
[14:13:21] [Server thread/INFO]: [ViaVersion] ViaVersion detected server version: 1.21.11 (774)
[14:13:21] [Server thread/INFO]: [ViaBackwards] Enabling ViaBackwards v5.7.0
[14:13:21] [Server thread/INFO]: [PlaceholderAPI] Enabling PlaceholderAPI v2.11.7
[14:13:21] [Server thread/INFO]: [PlaceholderAPI] Fetching available expansion information...
[14:13:21] [Server thread/INFO]: [Chunky] Enabling Chunky v1.4.40
[14:13:21] [Server thread/INFO]: [Geyser-Spigot] Enabling Geyser-Spigot v2.9.2-SNAPSHOT
[14:13:24] [Server thread/INFO]: [[38;5;11m⚡[0m] Enabling LagFixer v1.5.1.9 [build 140]
[14:13:24] [Server thread/INFO]: [[38;5;11m⚡[0m] Remember to leave a rating! ★ ★ ★ ★ ★





LagFixer 1.5.1.9 [build 140] - Best Performance Solution!
░░░░░░░░░░░░░░░░░░░░░░░░░░░░░░░░░░░░░░░░░░░░░░░░░░░░░░░░░░░░░░░░
░██╗░░░░░░█████╗░░██████╗░░░███████╗██╗██╗░░██╗███████╗██████╗░░
░██║░░░░░██╔══██╗██╔════╝░░░██╔════╝██║╚██╗██╔╝██╔════╝██╔══██╗░
░██║░░░░░███████║██║░░██╗░░░█████╗░░██║░╚███╔╝░█████╗░░██████╔╝░
░██║░░░░░██╔══██║██║░░╚██╗░░██╔══╝░░██║░██╔██╗░██╔══╝░░██╔══██╗░
░███████╗██║░░██║╚██████╔╝░░██║░░░░░██║██╔╝╚██╗███████╗██║░░██║░
░╚══════╝╚═╝░░╚═╝░╚═════╝░░░╚═╝░░░░░╚═╝╚═╝░░╚═╝╚══════╝╚═╝░░╚═╝░
░░░░░░░░░░░░░░░░░░░░░░░░░░░░░░░░░░░░░░░░░░░░░░░░░░░░░░░░░░░░░░░░





[14:13:24] [Server thread/INFO]: [[38;5;11m⚡[0m] (ErrorsManager) -> Enabling manager...
[14:13:24] [Server thread/INFO]: [[38;5;11m⚡[0m]  • Started listening console for LagFixer errors!
[14:13:24] [Server thread/INFO]: [[38;5;11m⚡[0m] (ErrorsManager) -> Enabled manager in 3ms!
[14:13:24] [Server thread/INFO]: [[38;5;11m⚡[0m] (ConfigManager) -> Enabling manager...
[14:13:24] [Server thread/INFO]: [[38;5;11m⚡[0m] (ConfigManager) -> Enabled manager in 187ms!
[14:13:24] [Server thread/INFO]: [[38;5;11m⚡[0m] (SupportManager) -> Enabling manager...
[14:13:24] [Server thread/INFO]: [[38;5;11m⚡[0m]  • Loaded fork support ~ xyz.lychee.lagfixer.support.PaperSupport
[14:13:24] [Server thread/INFO]: [[38;5;11m⚡[0m]  • Loaded nms support ~ xyz.lychee.lagfixer.nms.v1_21_R7.SupportNms
[14:13:24] [Server thread/INFO]: [[38;5;11m⚡[0m] (SupportManager) -> Enabled manager in 20ms!
[14:13:24] [Server thread/INFO]: [[38;5;11m⚡[0m] (HookManager) -> Enabling manager...
[14:13:24] [Server thread/INFO]: [PlaceholderAPI] Successfully registered internal expansion: lagfixer [1.5.1.9 [build 140]]
[14:13:24] [Server thread/INFO]: [[38;5;11m⚡[0m]  • Successfully loaded hook PlaceholderAPI in 1ms!
[14:13:24] [Server thread/INFO]: [[38;5;11m⚡[0m] (HookManager) -> Enabled manager in 1ms!
[14:13:24] [Server thread/INFO]: [[38;5;11m⚡[0m] (MetricsManager) -> Enabling manager...
[14:13:24] [Server thread/INFO]: [[38;5;11m⚡[0m] (MetricsManager) -> Enabled manager in 14ms!
[14:13:24] [Server thread/INFO]: [[38;5;11m⚡[0m] (UpdaterManager) -> Enabling manager...
[14:13:24] [Server thread/INFO]: [[38;5;11m⚡[0m] (UpdaterManager) -> Enabled manager in 4ms!
[14:13:24] [Server thread/INFO]: Environment: Environment[sessionHost=https://sessionserver.mojang.com, servicesHost=https://api.minecraftservices.com, profilesHost=https://api.mojang.com, name=PROD]
[14:13:25] [Server thread/INFO]: [[38;5;11m⚡[0m] (ModuleManager) -> Enabling manager...
[14:13:25] [Server thread/INFO]: [[38;5;11m⚡[0m]  • Successfully loaded module RedstoneLimiter in 10ms.
[14:13:25] [Server thread/INFO]: [[38;5;11m⚡[0m]  • Successfully loaded module InstantLeafDecay in 4ms.
[14:13:25] [Server thread/INFO]: [[38;5;11m⚡[0m]  • Successfully loaded module WorldCleaner in 10ms.
[14:13:25] [Server thread/INFO]: [[38;5;11m⚡[0m]  • Successfully loaded module LagShield in 13ms.
[14:13:25] [Server thread/INFO]: [[38;5;11m⚡[0m]  • Successfully loaded module ExplosionOptimizer in 11ms.
[14:13:25] [Server thread/INFO]: [[38;5;11m⚡[0m]  • Successfully loaded module MobAiReducer in 20ms.
[14:13:25] [Server thread/INFO]: [[38;5;11m⚡[0m]  • Successfully loaded module EntityLimiter in 7ms.
[14:13:25] [Server thread/INFO]: [[38;5;11m⚡[0m]  • Successfully loaded module AbilityLimiter in 7ms.
[14:13:25] [Server thread/INFO]: [[38;5;11m⚡[0m] (ModuleManager) -> Enabled manager in 210ms!
[14:13:25] [Server thread/INFO]: [[38;5;11m⚡[0m] (CommandManager) -> Enabling manager...
[14:13:25] [Server thread/INFO]: [[38;5;11m⚡[0m] (CommandManager) -> Enabled manager in 43ms!
[14:13:25] [Server thread/INFO]: [[38;5;11m⚡[0m] Remember to leave a rating! ★ ★ ★ ★ ★
[14:13:25] [Server thread/INFO]: [[38;5;11m⚡[0m] ❤ Support us https://ko-fi.com/lajczik
[14:13:25] [Server thread/INFO]: [Essentials] Enabling Essentials v2.21.2
[14:13:26] [Server thread/ERROR]: [Essentials] You are running an unsupported server version!
[14:13:26] [Server thread/INFO]: [Essentials] Attempting to convert old kits in config.yml to new kits.yml
[14:13:26] [Server thread/INFO]: [Essentials] No kits found to migrate.
[14:13:26] [Server thread/INFO]: [Essentials] Selected 1.20.4+ Damage Event Provider as the provider for DamageEventProvider
[14:13:26] [Server thread/INFO]: [Essentials] Selected Paper Known Commands Provider as the provider for KnownCommandsProvider
[14:13:26] [Server thread/INFO]: [Essentials] Selected 1.8.3+ Spawner Item Provider as the provider for SpawnerItemProvider
[14:13:26] [Server thread/INFO]: [Essentials] Selected Paper Tick Count Provider as the provider for TickCountProvider
[14:13:26] [Server thread/INFO]: [Essentials] Selected Paper Container Provider as the provider for ContainerProvider
[14:13:26] [Server thread/INFO]: [Essentials] Selected Paper Server State Provider as the provider for ServerStateProvider
[14:13:26] [Server thread/INFO]: [Essentials] Selected 1.20.6+ Potion Meta Provider as the provider for PotionMetaProvider
[14:13:26] [Server thread/INFO]: [Essentials] Selected 1.17.1+ World Info Provider as the provider for WorldInfoProvider
[14:13:26] [Server thread/INFO]: [Essentials] Selected Paper Material Tag Provider as the provider for MaterialTagProvider
[14:13:26] [Server thread/INFO]: [Essentials] Selected Reflection Formatted Command Alias Provider as the provider for FormattedCommandAliasProvider
[14:13:26] [Server thread/INFO]: [Essentials] Selected Paper Serialization Provider as the provider for SerializationProvider
[14:13:26] [Server thread/INFO]: [Essentials] Selected 1.13+ Spawn Egg Provider as the provider for SpawnEggProvider
[14:13:26] [Server thread/INFO]: [Essentials] Selected 1.12.2+ Player Locale Provider as the provider for PlayerLocaleProvider
[14:13:26] [Server thread/INFO]: [Essentials] Selected 1.20.5+ Banner Data Provider as the provider for BannerDataProvider
[14:13:26] [Server thread/INFO]: [Essentials] Selected 1.12+ Spawner Block Provider as the provider for SpawnerBlockProvider
[14:13:26] [Server thread/INFO]: [Essentials] Selected 1.21+ InventoryView Interface ABI Provider as the provider for InventoryViewProvider
[14:13:26] [Server thread/INFO]: [Essentials] Selected Legacy Biome Name Provider as the provider for BiomeNameProvider
[14:13:26] [Server thread/INFO]: [Essentials] Selected 1.14.4+ Persistent Data Container Provider as the provider for PersistentDataProvider
[14:13:26] [Server thread/INFO]: [Essentials] Selected 1.11+ Item Unbreakable Provider as the provider for ItemUnbreakableProvider
[14:13:26] [Server thread/INFO]: [Essentials] Selected Reflection Online Mode Provider as the provider for OnlineModeProvider
[14:13:26] [Server thread/INFO]: [Essentials] Selected Paper Biome Key Provider as the provider for BiomeKeyProvider
[14:13:26] [Server thread/INFO]: [Essentials] Selected 1.14+ Sign Data Provider as the provider for SignDataProvider
[14:13:26] [Server thread/INFO]: [Essentials] Selected 1.21.4+ Sync Commands Provider as the provider for SyncCommandsProvider
[14:13:27] [Server thread/INFO]: [Essentials] Loaded 43880 items from items.json.
[14:13:27] [Server thread/INFO]: [Essentials] Using locale en
[14:13:27] [Server thread/INFO]: [Essentials] ServerListPingEvent: Spigot iterator API
[14:13:27] [Server thread/INFO]: [Essentials] Starting Metrics. Opt-out using the global bStats config.
[14:13:27] [Server thread/WARN]: [Essentials] Detected supported permissions plugin LuckPerms without Vault installed.
[14:13:27] [Server thread/WARN]: [Essentials] Features such as chat prefixes/suffixes and group-related functionality will not work until you install Vault.
[14:13:27] [Server thread/INFO]: [Essentials] Using superperms-based permissions.
[14:13:27] [Server thread/INFO]: [TAB] Enabling TAB v5.4.0
[14:13:28] [Server thread/INFO]: [TAB] [config.yml] [Hint] Refresh interval of %player_x% is same as default interval, therefore there is no need to override it.
[14:13:28] [Server thread/INFO]: [TAB] [config.yml] [Hint] Refresh interval of %player_y% is same as default interval, therefore there is no need to override it.
[14:13:28] [Server thread/INFO]: [TAB] [config.yml] [Hint] Refresh interval of %player_z% is same as default interval, therefore there is no need to override it.
[14:13:28] [Server thread/INFO]: [TAB] [WARN] [config.yml] placeholders: Missing configuration section "placeholders.date-format" of type String, using default value dd.MM.yyyy.
[14:13:28] [Server thread/INFO]: [TAB] [WARN] [config.yml] placeholders: Missing configuration section "placeholders.time-format" of type String, using default value [HH:mm:ss / h:mm a].
[14:13:28] [Server thread/INFO]: [TAB] [WARN] [config.yml] placeholders: Missing configuration section "placeholders.time-offset" of type Number, using default value 0.
[14:13:28] [Server thread/INFO]: [TAB] [WARN] [config.yml] belowname-objective: Missing configuration section "belowname-objective.disable-condition" of type String, using default value %world%=disabledworld.
[14:13:28] [Server thread/INFO]: [TAB] [WARN] [config.yml] playerlist-objective: Missing configuration section "playerlist-objective.disable-condition" of type String, using default value %world%=disabledworld.
[14:13:28] [Server thread/INFO]: [TAB] [WARN] [config.yml] scoreboard: Missing configuration section "scoreboard.remember-toggle-choice" of type Boolean, using default value false.
[14:13:28] [Server thread/INFO]: [TAB] [WARN] [config.yml] scoreboard: Missing configuration section "scoreboard.hidden-by-default" of type Boolean, using default value false.
[14:13:28] [Server thread/INFO]: [TAB] [WARN] [config.yml] scoreboard: Missing configuration section "scoreboard.use-numbers" of type Boolean, using default value true.
[14:13:28] [Server thread/INFO]: [TAB] [WARN] [config.yml] scoreboard: Missing configuration section "scoreboard.static-number" of type Integer, using default value 0.
[14:13:28] [Server thread/INFO]: [TAB] [WARN] [config.yml] scoreboard: Missing configuration section "scoreboard.delay-on-join-milliseconds" of type Integer, using default value 0.
[14:13:28] [Server thread/INFO]: [TAB] [WARN] [config.yml] scoreboard-teams: Missing configuration section "scoreboard-teams.case-sensitive-sorting" of type Boolean, using default value true.
[14:13:28] [Server thread/INFO]: [TAB] [WARN] [config.yml] tablist-name-formatting: Missing configuration section "tablist-name-formatting.disable-condition" of type String, using default value %world%=disabledworld.
[14:13:28] [Server thread/INFO]: [TAB] [WARN] [config.yml] scoreboard-teams: Missing configuration section "scoreboard-teams.can-see-friendly-invisibles" of type Boolean, using default value false.
[14:13:28] [Server thread/INFO]: [TAB] [WARN] [config.yml] scoreboard-teams: Missing configuration section "scoreboard-teams.disable-condition" of type String, using default value %world%=disabledworld.
[14:13:28] [Server thread/INFO]: [TAB] [WARN] Found a total of 14 issues.
[14:13:28] [Server thread/INFO]: [TAB] Enabled in 510ms
[14:13:28] [Server thread/INFO]: [spark] Starting background profiler...
[14:13:29] [Server thread/INFO]: [PlaceholderAPI] Placeholder expansion registration initializing...
[14:13:29] [Server thread/INFO]: [Geyser-Spigot] ******************************************
[14:13:29] [Server thread/INFO]: [Geyser-Spigot] 
[14:13:29] [Server thread/INFO]: [Geyser-Spigot] Loading Geyser version 2.9.2-b1030 (git-master-1604268)
[14:13:29] [Server thread/INFO]: [Geyser-Spigot] 
[14:13:29] [Server thread/INFO]: [Geyser-Spigot] ******************************************
[14:13:36] [GeyserServer-3-1/INFO]: [Geyser-Spigot] Started Geyser on UDP port 13277
[14:13:36] [Server thread/INFO]: [Geyser-Spigot] Done (6.673s)! Run /geyser help for help!
[14:13:36] [Server thread/INFO]: Running delayed init tasks
[14:13:36] [Craft Scheduler Thread - 5 - ViaVersion/INFO]: [ViaVersion] Finished mapping loading, shutting down loader executor.
[14:13:37] [Craft Scheduler Thread - 6 - Essentials/INFO]: [Essentials] Fetching version information...
[14:13:37] [Server thread/INFO]: Done (67.042s)! For help, type "help"
[14:13:37] [Server thread/INFO]: [PlaceholderAPI] Successfully registered external expansion: server [2.7.3]
[14:13:37] [Server thread/INFO]: [PlaceholderAPI] Successfully registered external expansion: statistic [2.0.2]
[14:13:37] [Server thread/WARN]: [PlaceholderAPI] Cannot load expansion playerstats due to a missing plugin: PlayerStats
[14:13:37] [Server thread/INFO]: [PlaceholderAPI] Successfully registered external expansion: player [2.0.9]
[14:13:37] [Server thread/INFO]: 3 placeholder hook(s) registered!
[14:13:43] [pool-19-thread-1/INFO]: [nAntiBot] [Captcha] Captchas generated successfully. (RAM usage ≃ 8 MB [static only], total = 500, protocol count = 50, threads = 2, took 24.94s)
[14:16:17] [User Authenticator #0/INFO]: UUID of player MrGameBlaze is 5c281a75-0961-38af-947a-e8220a273a73
[14:16:17] [Server thread/INFO]: [HorriblePlayerLoginEventHack] You have plugins listening to the PlayerLoginEvent, this will cause re-configuration APIs to be unavailable: [LuckPerms, Essentials]
[14:16:22] [Server thread/INFO]: MrGameBlaze joined the game
[14:16:22] [Server thread/INFO]: MrGameBlaze[/127.135.103.139:45519] logged in with entity id 1 at ([world]2.2951990202678036, 70.0, 8.228185828368607)
[14:16:33] [Folia Async Scheduler Thread #2/INFO]: [nLogin] The user MrGameBlaze has successfully logged in.
[14:16:38] [Server thread/INFO]: MrGameBlaze issued server command: /time set day
[14:17:24] [Server thread/ERROR]: Entity threw exception at world:52.5,9.0,-63.5
java.lang.NullPointerException: Cannot invoke "net.minecraft.world.entity.ai.goal.WrappedGoal.isRunning()" because "wrappedGoalx" is null
	at net.minecraft.world.entity.ai.goal.GoalSelector.tick(GoalSelector.java:100) ~[paper-1.21.11.jar:1.21.11-92-e7445e1]
	at net.minecraft.world.entity.Mob.serverAiStep(Mob.java:823) ~[paper-1.21.11.jar:1.21.11-92-e7445e1]
	at net.minecraft.world.entity.LivingEntity.aiStep(LivingEntity.java:3659) ~[paper-1.21.11.jar:1.21.11-92-e7445e1]
	at net.minecraft.world.entity.Mob.aiStep(Mob.java:522) ~[paper-1.21.11.jar:1.21.11-92-e7445e1]
	at net.minecraft.world.entity.monster.Monster.aiStep(Monster.java:46) ~[paper-1.21.11.jar:1.21.11-92-e7445e1]
	at net.minecraft.world.entity.LivingEntity.tick(LivingEntity.java:3382) ~[paper-1.21.11.jar:1.21.11-92-e7445e1]
	at net.minecraft.world.entity.Mob.tick(Mob.java:389) ~[paper-1.21.11.jar:1.21.11-92-e7445e1]
	at net.minecraft.world.entity.monster.Creeper.tick(Creeper.java:151) ~[paper-1.21.11.jar:1.21.11-92-e7445e1]
	at net.minecraft.server.level.ServerLevel.tickNonPassenger(ServerLevel.java:1354) ~[paper-1.21.11.jar:1.21.11-92-e7445e1]
	at net.minecraft.world.level.Level.guardEntityTick(Level.java:1428) ~[paper-1.21.11.jar:1.21.11-92-e7445e1]
	at net.minecraft.server.level.ServerLevel.lambda$tick$4(ServerLevel.java:854) ~[paper-1.21.11.jar:1.21.11-92-e7445e1]
	at net.minecraft.world.level.entity.EntityTickList.forEach(EntityTickList.java:39) ~[paper-1.21.11.jar:1.21.11-92-e7445e1]
	at net.minecraft.server.level.ServerLevel.tick(ServerLevel.java:836) ~[paper-1.21.11.jar:1.21.11-92-e7445e1]
	at net.minecraft.server.MinecraftServer.tickChildren(MinecraftServer.java:1824) ~[paper-1.21.11.jar:1.21.11-92-e7445e1]
	at net.minecraft.server.MinecraftServer.tickServer(MinecraftServer.java:1616) ~[paper-1.21.11.jar:1.21.11-92-e7445e1]
	at net.minecraft.server.dedicated.DedicatedServer.tickServer(DedicatedServer.java:427) ~[paper-1.21.11.jar:1.21.11-92-e7445e1]
	at net.minecraft.server.MinecraftServer.processPacketsAndTick(MinecraftServer.java:1672) ~[paper-1.21.11.jar:1.21.11-92-e7445e1]
	at net.minecraft.server.MinecraftServer.runServer(MinecraftServer.java:1340) ~[paper-1.21.11.jar:1.21.11-92-e7445e1]
	at net.minecraft.server.MinecraftServer.lambda$spin$2(MinecraftServer.java:388) ~[paper-1.21.11.jar:1.21.11-92-e7445e1]
	at java.base/java.lang.Thread.run(Thread.java:1583) ~[?:?]
[14:19:34] [Server thread/INFO]: MrGameBlaze lost connection: Timed out
[14:19:34] [Server thread/INFO]: MrGameBlaze left the game
[14:19:58] [User Authenticator #1/INFO]: UUID of player MrGameBlaze is 5c281a75-0961-38af-947a-e8220a273a73
[14:19:59] [Server thread/INFO]: MrGameBlaze joined the game
[14:19:59] [Server thread/INFO]: MrGameBlaze[/127.135.103.139:56165] logged in with entity id 468 at ([world]0.7176890271908538, 70.0, 13.795816849043222)
[14:20:04] [Folia Async Scheduler Thread #3/INFO]: [nLogin] The user MrGameBlaze has successfully logged in.
[14:20:58] [GeyserServerChild-4-1/INFO]: [Geyser-Spigot] Player connected with username SparedArt4990 (898)
[14:20:58] [localSession-7-2/INFO]: [Geyser-Spigot] SparedArt4990 (logged in as: SparedArt4990) has connected to the Java server
[14:20:58] [User Authenticator #2/INFO]: UUID of player SparedArt4990 is 89f09ea7-ab8b-39c6-bba6-36470fefe61b
[14:20:59] [Server thread/INFO]: SparedArt4990 joined the game
[14:20:59] [Server thread/INFO]: SparedArt4990[/127.204.12.108:0] logged in with entity id 775 at ([world]10.5, 70.0, -1.5)
[14:22:28] [localSession-7-2/INFO]: [Geyser-Spigot] SparedArt4990 has disconnected from the Java server because of §r§cTe has tardado mucho en registrarte.
[14:22:28] [Server thread/INFO]: SparedArt4990 lost connection: Te has tardado mucho en registrarte.
[14:22:28] [Server thread/INFO]: SparedArt4990 left the game
[14:23:05] [GeyserServerChild-4-2/INFO]: [Geyser-Spigot] Player connected with username SparedArt4990 (898)
[14:23:05] [localSession-7-3/INFO]: [Geyser-Spigot] SparedArt4990 (logged in as: SparedArt4990) has connected to the Java server
[14:23:05] [User Authenticator #3/INFO]: UUID of player SparedArt4990 is 89f09ea7-ab8b-39c6-bba6-36470fefe61b
[14:23:06] [Server thread/INFO]: SparedArt4990 joined the game
[14:23:06] [Server thread/INFO]: SparedArt4990[/127.204.12.108:0] logged in with entity id 994 at ([world]10.5, 70.0, -1.5)
[14:23:47] [Server thread/INFO]: SparedArt4990 issued server command: /register
[14:23:48] [Folia Async Scheduler Thread #3/INFO]: [nLogin] The user SparedArt4990 has successfully registered.
[14:23:58] [Async Chat Thread - #1/INFO]: [Not Secure] <SparedArt4990> waos
[14:24:03] [Async Chat Thread - #0/INFO]: [Not Secure] <MrGameBlaze> funciona?
[14:24:06] [Async Chat Thread - #0/INFO]: [Not Secure] <MrGameBlaze> sin skin xd
[14:24:09] [Async Chat Thread - #1/INFO]: [Not Secure] <MrGameBlaze> usa /skin
[14:24:17] [Async Chat Thread - #0/INFO]: [Not Secure] <SparedArt4990> xddd tengo mi skin equipada
[14:24:27] [Server thread/INFO]: MrGameBlaze issued server command: /lp group default permission set skinsrestorer
[14:24:27] [luckperms-command-executor/INFO]: [LP] LOG > (MrGameBlaze) [G] (default)
[14:24:27] [luckperms-command-executor/INFO]: [LP] LOG > permission set skinsrestorer true
[14:24:33] [Async Chat Thread - #1/INFO]: [Not Secure] <SparedArt4990> yo si te veo con skin
[14:24:37] [Async Chat Thread - #0/INFO]: [Not Secure] <MrGameBlaze> ves el scoreboard y el tab custoM?
[14:24:43] [Async Chat Thread - #1/INFO]: [Not Secure] <MrGameBlaze> recuerda soy premiun
[14:24:45] [Async Chat Thread - #0/INFO]: [Not Secure] <SparedArt4990> no
[14:24:51] [Async Chat Thread - #1/INFO]: [Not Secure] <MrGameBlaze> pipi
[14:24:53] [Async Chat Thread - #1/INFO]: [Not Secure] <MrGameBlaze> esta re piola
[14:24:58] [Async Chat Thread - #0/INFO]: [Not Secure] <SparedArt4990> yo tambien soy premium
[14:25:06] [Async Chat Thread - #0/INFO]: [Not Secure] <MrGameBlaze> pero desde un server bderock te conectas a java
[14:25:10] [Async Chat Thread - #0/INFO]: [Not Secure] <MrGameBlaze> asi que debe haber bugs
[14:25:19] [Async Chat Thread - #0/INFO]: [Not Secure] <SparedArt4990> juego de mierda
[14:25:24] [Async Chat Thread - #0/INFO]: [Not Secure] <MrGameBlaze> prueba el /skin
[14:25:34] [Server thread/INFO]: SparedArt4990 issued server command: /skin
[14:25:34] [Server thread/INFO]: MrGameBlaze issued server command: /lp user SparedArt4990 parent set admin
[14:25:34] [luckperms-command-executor/INFO]: [LP] LOG > (MrGameBlaze) [U] (sparedart4990)
[14:25:34] [luckperms-command-executor/INFO]: [LP] LOG > parent set admin
[14:25:39] [Async Chat Thread - #0/INFO]: [Not Secure] <MrGameBlaze> te dejo como admin
[14:25:51] [Async Chat Thread - #0/INFO]: [Not Secure] <MrGameBlaze> ves el rango arriba y la vida de los nombres?
[14:25:58] [Async Chat Thread - #0/INFO]: [Not Secure] <SparedArt4990> el tuyo si
[14:26:03] [Async Chat Thread - #1/INFO]: [Not Secure] <MrGameBlaze> mi rango es
[14:26:13] [Async Chat Thread - #0/INFO]: [Not Secure] <SparedArt4990> owner
[14:26:17] [Async Chat Thread - #0/INFO]: [Not Secure] <MrGameBlaze> estonces si
[14:26:22] [Async Chat Thread - #0/INFO]: [Not Secure] <MrGameBlaze> pasa capture para ver como ves todo tu
[14:26:35] [Async Chat Thread - #1/INFO]: [Not Secure] <SparedArt4990> mano que malo que en bedrock no puedo usar la capa migrator
[14:26:39] [Async Chat Thread - #1/INFO]: [Not Secure] <MrGameBlaze> xd
[14:26:42] [Async Chat Thread - #0/INFO]: [Not Secure] <SparedArt4990> voy
[14:26:44] [Server thread/INFO]: MrGameBlaze issued server command: /time set day
[14:26:48] [Async Chat Thread - #0/INFO]: [Not Secure] <MrGameBlaze> le escribo a panchO?
[14:26:57] [Async Chat Thread - #0/INFO]: [Not Secure] <SparedArt4990> si quieres
[14:27:04] [Async Chat Thread - #0/INFO]: [Not Secure] <MrGameBlaze> sera para que aprenda a jugar el perro
[14:27:55] [Async Chat Thread - #0/INFO]: [Not Secure] <SparedArt4990> me tengo que salir al menu pa poderte enviar el cap ya vengo
[14:27:59] [GeyserServerChild-4-2/INFO]: [Geyser-Spigot] SparedArt4990 has disconnected from the Java server because of Bedrock client disconnected
[14:27:59] [Server thread/INFO]: SparedArt4990 lost connection: Disconnected
[14:27:59] [Server thread/INFO]: SparedArt4990 left the game
[14:29:34] [Server thread/ERROR]: Entity threw exception at world:-50.5,-1.0,-54.5
java.lang.NullPointerException
[14:30:09] [localSession-7-4/INFO]: [Geyser-Spigot] SparedArt4990 (logged in as: SparedArt4990) has connected to the Java server
[14:30:09] [GeyserServerChild-4-3/INFO]: [Geyser-Spigot] Player connected with username SparedArt4990 (898)
[14:30:09] [User Authenticator #4/INFO]: UUID of player SparedArt4990 is 89f09ea7-ab8b-39c6-bba6-36470fefe61b
[14:30:09] [Server thread/INFO]: SparedArt4990 joined the game
[14:30:09] [Server thread/INFO]: SparedArt4990[/127.204.12.108:0] logged in with entity id 1691 at ([world]4.133585, 70.0, 9.36706)
[14:30:27] [Server thread/ERROR]: Entity threw exception at world:14.5,35.0,8.5
java.lang.NullPointerException
[14:30:41] [Server thread/INFO]: SparedArt4990 issued server command: /login
[14:30:41] [Folia Async Scheduler Thread #2/INFO]: [nLogin] The user SparedArt4990 has successfully logged in.
[14:31:06] [Async Chat Thread - #2/INFO]: [Not Secure] <MrGameBlaze> xd ando haciendo un anuncio a la abue
[14:31:09] [Async Chat Thread - #2/INFO]: [Not Secure] <MrGameBlaze> ahora si ando jodido
[14:31:15] [Async Chat Thread - #2/INFO]: [Not Secure] <SparedArt4990> XDDD
[14:31:24] [Async Chat Thread - #2/INFO]: [Not Secure] <MrGameBlaze> mano a quien ams invitamos que esta solo el server xd
[14:31:36] [Async Chat Thread - #3/INFO]: [Not Secure] <SparedArt4990> ni idea
[14:31:57] [Async Chat Thread - #3/INFO]: [Not Secure] <SparedArt4990> seria bueno hacer la prueba con aaron
[14:32:15] [Async Chat Thread - #3/INFO]: [Not Secure] <SparedArt4990> para probar que si puede entrar al server
[14:32:20] [Async Chat Thread - #3/INFO]: [Not Secure] <MrGameBlaze> seria
[14:32:25] [Async Chat Thread - #3/INFO]: [Not Secure] <MrGameBlaze> aunque tengo que ver si puedo
[14:32:33] [Async Chat Thread - #3/INFO]: [Not Secure] <MrGameBlaze> porque hay un bug que no se si funcione o dañe algo
[14:32:40] [Async Chat Thread - #3/INFO]: [Not Secure] <MrGameBlaze> que es eso del aumento de capas de java
[14:32:42] [Async Chat Thread - #3/INFO]: [Not Secure] <SparedArt4990> a ya XDDDD
[14:32:46] [Async Chat Thread - #2/INFO]: [Not Secure] <MrGameBlaze> que ahora es mas alto y bajo que antes
[14:32:55] [Async Chat Thread - #3/INFO]: [Not Secure] <SparedArt4990> a ya
[14:33:01] [Async Chat Thread - #2/INFO]: [Not Secure] <SparedArt4990> ya entendi
[14:33:11] [Async Chat Thread - #3/INFO]: [Not Secure] <SparedArt4990> la generacion de capas
[14:33:29] [Async Chat Thread - #3/INFO]: [Not Secure] <SparedArt4990> lo xd es que lo puede ver como otra puedra
[14:33:30] [Async Chat Thread - #3/INFO]: [Not Secure] <MrGameBlaze> no habis captado
[14:33:39] [Async Chat Thread - #2/INFO]: [Not Secure] <SparedArt4990> no completamente
[14:33:39] [Server thread/ERROR]: Entity threw exception at world:0.5,59.0,-74.5
java.lang.NullPointerException
[14:33:42] [Async Chat Thread - #2/INFO]: [Not Secure] <MrGameBlaze> ya vi
[14:34:30] [Server thread/INFO]: SparedArt4990 has made the advancement [Stone Age]
[14:35:04] [Async Chat Thread - #4/INFO]: [Not Secure] <MrGameBlaze> calmate we
[14:35:09] [Server thread/INFO]: SparedArt4990 has made the advancement [Getting an Upgrade]
[14:35:33] [Async Chat Thread - #4/INFO]: [Not Secure] <MrGameBlaze> voy a grabar pe
[14:35:37] [Async Chat Thread - #5/INFO]: [Not Secure] <MrGameBlaze> pa que sepas
[14:35:44] [Async Chat Thread - #4/INFO]: [Not Secure] <SparedArt4990> furro de la verga
[14:35:47] [Async Chat Thread - #5/INFO]: [Not Secure] <MrGameBlaze> xd
[14:35:50] [Async Chat Thread - #4/INFO]: [Not Secure] <MrGameBlaze> mamalo
[14:35:58] [Async Chat Thread - #5/INFO]: [Not Secure] <SparedArt4990> XDDD
[14:36:03] [Async Chat Thread - #4/INFO]: [Not Secure] <MrGameBlaze> o hago steam en tiktok
[14:36:06] [Async Chat Thread - #5/INFO]: [Not Secure] <MrGameBlaze> cual seria buena?w
[14:36:12] [Async Chat Thread - #4/INFO]: [Not Secure] <SparedArt4990> pinche victor de ey muy buenas a todos
[14:36:14] [Async Chat Thread - #5/INFO]: [Not Secure] <MrGameBlaze> porque igual creo que las dos la puedo hacer
[14:36:24] [Async Chat Thread - #4/INFO]: [Not Secure] <MrGameBlaze> como sabes XD
[14:36:31] [Async Chat Thread - #5/INFO]: [Not Secure] <SparedArt4990> XDDDD
[14:36:37] [Async Chat Thread - #5/INFO]: [Not Secure] <SparedArt4990> yo te conozco
[14:36:43] [Async Chat Thread - #5/INFO]: [Not Secure] <MrGameBlaze> xd
[14:36:51] [Async Chat Thread - #5/INFO]: [Not Secure] <MrGameBlaze> bueno abrire el live dame un momento
[14:36:55] [Async Chat Thread - #5/INFO]: [Not Secure] <MrGameBlaze> que la cpu esta en 110%
[14:37:01] [Async Chat Thread - #5/INFO]: [Not Secure] <SparedArt4990> errr diablo
[14:37:04] [Async Chat Thread - #5/INFO]: [Not Secure] <MrGameBlaze> sisa
[14:37:07] [Server thread/INFO]: MrGameBlaze issued server command: /time set day
[14:37:16] [Async Chat Thread - #5/INFO]: [Not Secure] <MrGameBlaze> bajo a 90
[14:37:23] [Async Chat Thread - #5/INFO]: [Not Secure] <MrGameBlaze> a mira hay tpa
[14:37:29] [Async Chat Thread - #5/INFO]: [Not Secure] <SparedArt4990> goty
[14:37:52] [Server thread/INFO]: SparedArt4990 issued server command: /tab
[14:38:06] [Async Chat Thread - #5/INFO]: [Not Secure] <SparedArt4990> tab
[14:38:12] [Async Chat Thread - #5/INFO]: [Not Secure] <SparedArt4990> eso no era
[14:38:26] [Async Chat Thread - #5/INFO]: [Not Secure] <MrGameBlaze> dejo la ip
[14:38:26] [Async Chat Thread - #5/INFO]: [Not Secure] <SparedArt4990> mano en la lista de comando no me sale el tpa
[14:38:30] [Async Chat Thread - #5/INFO]: [Not Secure] <MrGameBlaze> que igual tengo op
[14:38:37] [Async Chat Thread - #5/INFO]: [Not Secure] <SparedArt4990> chido
[14:38:48] [Server thread/INFO]: MrGameBlaze issued server command: /lp group admin permission set essentials.tpa
[14:38:48] [luckperms-command-executor/INFO]: [LP] LOG > (MrGameBlaze) [G] (admin)
[14:38:48] [luckperms-command-executor/INFO]: [LP] LOG > permission set essentials.tpa true
[14:38:53] [Server thread/INFO]: MrGameBlaze issued server command: /lp group admin permission set essentials.tpacancel
[14:38:53] [luckperms-command-executor/INFO]: [LP] LOG > (MrGameBlaze) [G] (admin)
[14:38:53] [luckperms-command-executor/INFO]: [LP] LOG > permission set essentials.tpacancel true
[14:38:58] [Server thread/INFO]: MrGameBlaze issued server command: /lp group admin permission set essentials.sethome
[14:38:58] [luckperms-command-executor/INFO]: [LP] LOG > (MrGameBlaze) [G] (admin)
[14:38:58] [luckperms-command-executor/INFO]: [LP] LOG > permission set essentials.sethome true
[14:39:01] [Server thread/INFO]: MrGameBlaze issued server command: /lp group admin permission set essentials.home
[14:39:01] [luckperms-command-executor/INFO]: [LP] LOG > (MrGameBlaze) [G] (admin)
[14:39:01] [luckperms-command-executor/INFO]: [LP] LOG > permission set essentials.home true
[14:39:04] [Async Chat Thread - #4/INFO]: [Not Secure] <MrGameBlaze> prueba ahora
[14:39:29] [Async Chat Thread - #5/INFO]: [Not Secure] <SparedArt4990> nel
[14:39:39] [Async Chat Thread - #5/INFO]: [Not Secure] <MrGameBlaze> usa /tpa {nombre del jugador}
[14:40:00] [Server thread/INFO]: SparedArt4990 issued server command: /tpa MrGameBlaze
[14:40:08] [Async Chat Thread - #4/INFO]: [Not Secure] <SparedArt4990> a si se envia
[14:40:18] [Async Chat Thread - #4/INFO]: [Not Secure] <SparedArt4990> coño como tal no me aparece en la lista de comandos
[14:40:23] [Server thread/INFO]: MrGameBlaze issued server command: /tpaccept
[14:40:29] [Async Chat Thread - #4/INFO]: [Not Secure] <MrGameBlaze> listo
[14:40:31] [Async Chat Thread - #4/INFO]: [Not Secure] <MrGameBlaze> si funciona
[14:40:37] [Async Chat Thread - #4/INFO]: [Not Secure] <SparedArt4990> coño e la madre mi mina
[14:40:41] [Async Chat Thread - #5/INFO]: [Not Secure] <MrGameBlaze> xd
[14:40:44] [Async Chat Thread - #5/INFO]: [Not Secure] <MrGameBlaze> tu mandaste tpa
[14:40:45] [Async Chat Thread - #5/INFO]: [Not Secure] <SparedArt4990> XDDD
[14:40:52] [Async Chat Thread - #5/INFO]: [Not Secure] <SparedArt4990> oh nos
[14:41:02] [Async Chat Thread - #4/INFO]: [Not Secure] <SparedArt4990> tal algo transparente no?
[14:41:12] [Async Chat Thread - #5/INFO]: [Not Secure] <MrGameBlaze> como asi?
[14:41:36] [Async Chat Thread - #5/INFO]: [Not Secure] <SparedArt4990> es que en bedrock cuando estas dentro de algo tipo caña de azucar se pone transparente
[14:41:45] [Async Chat Thread - #5/INFO]: [Not Secure] <MrGameBlaze> a
[14:41:46] [Async Chat Thread - #5/INFO]: [Not Secure] <MrGameBlaze> xd
[14:41:48] [Async Chat Thread - #5/INFO]: [Not Secure] <SparedArt4990> para no tapar la vista
[14:41:55] [Async Chat Thread - #5/INFO]: [Not Secure] <SparedArt4990> si men
[14:42:01] [Async Chat Thread - #4/INFO]: [Not Secure] <MrGameBlaze> que maricos lo de bedrock
[14:42:04] [Async Chat Thread - #5/INFO]: [Not Secure] <MrGameBlaze> marico que weba
[14:42:07] [Async Chat Thread - #4/INFO]: [Not Secure] <SparedArt4990> literal
[14:42:10] [Async Chat Thread - #4/INFO]: [Not Secure] <MrGameBlaze> me siento y ahora tengo que buscar agua
[14:42:14] [Async Chat Thread - #4/INFO]: [Not Secure] <MrGameBlaze> hueputa
[14:42:15] [Async Chat Thread - #4/INFO]: [Not Secure] <SparedArt4990> XDDDD
[14:42:20] [Async Chat Thread - #5/INFO]: [Not Secure] <MrGameBlaze> mira no avances mucho va
[14:42:25] [Async Chat Thread - #4/INFO]: [Not Secure] <MrGameBlaze> que quiero grabar el inicio pls
[14:42:29] [Async Chat Thread - #5/INFO]: [Not Secure] <SparedArt4990> me nerfean
[14:42:36] [Async Chat Thread - #4/INFO]: [Not Secure] <SparedArt4990> sera
[14:42:39] [Async Chat Thread - #4/INFO]: [Not Secure] <MrGameBlaze> esperame nada mas pls
[14:42:45] [Async Chat Thread - #5/INFO]: [Not Secure] <MrGameBlaze> que espero que sea rapido esto
[14:43:09] [Server thread/INFO]: MrGameBlaze lost connection: Disconnected
[14:43:09] [Server thread/INFO]: MrGameBlaze left the game
[14:43:27] [Server thread/ERROR]: Entity threw exception at world:-209.5,-25.0,17.5
java.lang.NullPointerException
[14:45:49] [Server thread/WARN]: SparedArt4990 moved wrongly!
[14:45:50] [Server thread/WARN]: SparedArt4990 moved wrongly!
[14:46:22] [Server thread/INFO]: SparedArt4990 has made the advancement [Acquire Hardware]
[14:51:41] [Server thread/INFO]: SparedArt4990 has made the advancement [Monster Hunter]
[14:51:54] [Server thread/INFO]: SparedArt4990 has made the advancement [Not Today, Thank You]
[14:55:23] [Server thread/INFO]: SparedArt4990 has made the advancement [Suit Up]
[14:56:06] [Server thread/INFO]: SparedArt4990 has made the advancement [Isn't It Iron Pick]
[14:56:19] [Server thread/INFO]: Villager Villager['Villager'/870, uuid='163a6b3e-5736-4ff0-a455-37a720314233', l='ServerLevel[world]', x=-158.82, y=67.00, z=47.81, cpos=[-10, 2], tl=11797, v=true] died, message: 'Villager was slain by Zombie'
[14:56:32] [Server thread/ERROR]: Entity threw exception at world:-191.5,-12.0,185.5
java.lang.NullPointerException
[14:59:58] [User Authenticator #5/INFO]: UUID of player MrGameBlaze is 5c281a75-0961-38af-947a-e8220a273a73
[14:59:59] [Server thread/INFO]: MrGameBlaze joined the game
[14:59:59] [Server thread/INFO]: MrGameBlaze[/127.135.103.139:52425] logged in with entity id 6268 at ([world]3.2351843638859323, 70.0, 8.788978617363655)
[15:00:03] [Folia Async Scheduler Thread #2/INFO]: [nLogin] The user MrGameBlaze has successfully logged in.
[15:00:04] [Async Chat Thread - #6/INFO]: [Not Secure] <MrGameBlaze> ya
[15:00:07] [Async Chat Thread - #6/INFO]: [Not Secure] <MrGameBlaze> no me jodas
[15:00:12] [Async Chat Thread - #6/INFO]: [Not Secure] <SparedArt4990> ?
[15:00:28] [Async Chat Thread - #6/INFO]: [Not Secure] <MrGameBlaze> digiste que mataste al dragon
[15:00:46] [Async Chat Thread - #7/INFO]: [Not Secure] <SparedArt4990> XDDD
[15:00:56] [Async Chat Thread - #6/INFO]: [Not Secure] <SparedArt4990> te creistes el momazo
[15:01:00] [Async Chat Thread - #6/INFO]: [Not Secure] <MrGameBlaze> tyes
[15:01:21] [Async Chat Thread - #6/INFO]: [Not Secure] <SparedArt4990> te asustastes
[15:01:54] [Async Chat Thread - #6/INFO]: [Not Secure] <SparedArt4990> si puedo hacerlo pero no lo hago porque quiero disfrutar un survival por primera vez en bedrock
[15:02:05] [Async Chat Thread - #6/INFO]: [Not Secure] <MrGameBlaze> sube
[15:02:09] [Async Chat Thread - #7/INFO]: [Not Secure] <MrGameBlaze> para grabar y steam
[15:02:10] [Async Chat Thread - #6/INFO]: [Not Secure] <MrGameBlaze> please
[15:02:24] [Async Chat Thread - #7/INFO]: [Not Secure] <SparedArt4990> ?
[15:02:40] [Async Chat Thread - #7/INFO]: [Not Secure] <MrGameBlaze> pa que salgas en el inicio
[15:02:42] [Server thread/INFO]: SparedArt4990 issued server command: /tpa MrGameBlaze
[15:02:46] [Server thread/INFO]: MrGameBlaze issued server command: /tpaccept
[15:02:50] [Async Chat Thread - #7/INFO]: [Not Secure] <MrGameBlaze> encontraste una aldea xd
[15:02:54] [Async Chat Thread - #7/INFO]: [Not Secure] <SparedArt4990> si
[15:02:59] [Async Chat Thread - #7/INFO]: [Not Secure] <MrGameBlaze> coño ya empezaste fuerte
[15:03:03] [Async Chat Thread - #7/INFO]: [Not Secure] <MrGameBlaze> bueno solo mira a donde yo vea
[15:03:15] [Async Chat Thread - #6/INFO]: [Not Secure] <MrGameBlaze> dale 5 seugndos xd
[15:03:18] [Async Chat Thread - #6/INFO]: [Not Secure] <MrGameBlaze> esta tardando el live
[15:03:26] [Async Chat Thread - #6/INFO]: [Not Secure] <SparedArt4990> ey muy buenas a todos guapisimos
[15:03:29] [Async Chat Thread - #6/INFO]: [Not Secure] <MrGameBlaze> xd
[15:03:33] [Async Chat Thread - #6/INFO]: [Not Secure] <SparedArt4990> XD
[15:03:43] [Server thread/ERROR]: Entity threw exception at world:5.5,-15.0,53.5
java.lang.NullPointerException
[15:03:53] [Async Chat Thread - #7/INFO]: [Not Secure] <MrGameBlaze> xd el obs lag
[15:03:59] [Async Chat Thread - #7/INFO]: [Not Secure] <SparedArt4990> XD
[15:04:03] [Async Chat Thread - #7/INFO]: [Not Secure] <SparedArt4990> te creo
[15:04:11] [Async Chat Thread - #7/INFO]: [Not Secure] <SparedArt4990> por eso prefiero el poderoso bandicam
[15:04:28] [Async Chat Thread - #7/INFO]: [Not Secure] <MrGameBlaze> yo ymbnien
[15:04:32] [Async Chat Thread - #7/INFO]: [Not Secure] <MrGameBlaze> bueno sera solo live
[15:04:33] [Async Chat Thread - #7/INFO]: [Not Secure] <MrGameBlaze> xd
[15:04:38] [Async Chat Thread - #6/INFO]: [Not Secure] <SparedArt4990> xd
[15:04:48] [Async Chat Thread - #6/INFO]: [Not Secure] <MrGameBlaze> bueno sigue en lotuyo
[15:04:53] [Async Chat Thread - #6/INFO]: [Not Secure] <MrGameBlaze> uya me llego hasta alla
[15:04:56] [Async Chat Thread - #6/INFO]: [Not Secure] <MrGameBlaze> haceptas tpa despues
[15:05:04] [Async Chat Thread - #7/INFO]: [Not Secure] <MrGameBlaze> ful iron
[15:05:07] [Server thread/ERROR]: Entity threw exception at world:-86.5,41.0,-14.5
java.lang.NullPointerException
[15:05:09] [Async Chat Thread - #7/INFO]: [Not Secure] <SparedArt4990> XD
[15:05:13] [Async Chat Thread - #7/INFO]: [Not Secure] <MrGameBlaze> llamada para joder mas
[15:05:14] [Async Chat Thread - #6/INFO]: [Not Secure] <MrGameBlaze> ?
[15:05:19] [Async Chat Thread - #7/INFO]: [Not Secure] <SparedArt4990> dale
[15:05:24] [Async Chat Thread - #6/INFO]: [Not Secure] <MrGameBlaze> whatapp o discord>?
[15:05:37] [Async Chat Thread - #6/INFO]: [Not Secure] <SparedArt4990> aun no tengo dicord
[15:07:43] [Server thread/INFO]: MrGameBlaze issued server command: /tpa SparedArt4990
[15:07:49] [Server thread/INFO]: MrGameBlaze issued server command: /tp SparedArt4990
[15:08:41] [Server thread/INFO]: MrGameBlaze fell from a high place
[15:10:37] [Server thread/INFO]: MrGameBlaze has made the advancement [Stone Age]
[15:11:11] [Server thread/INFO]: MrGameBlaze has made the advancement [Getting an Upgrade]
[15:12:34] [Server thread/INFO]: SparedArt4990 has made the advancement [Sweet Dreams]
[15:13:10] [Server thread/INFO]: Villager Villager['Nitwit'/2899, uuid='e2cba6f8-bbcd-48cb-b2b4-95e1057dbe28', l='ServerLevel[world]', x=-163.59, y=64.00, z=123.70, cpos=[-11, 7], tl=28019, v=true] died, message: 'Nitwit was slain by Zombie'
[15:17:40] [Server thread/WARN]: SparedArt4990 moved wrongly!
[15:17:43] [Server thread/WARN]: SparedArt4990 moved wrongly!
[15:20:15] [Server thread/ERROR]: Entity threw exception at world:-194.5,-3.0,24.5
java.lang.NullPointerException
[15:21:08] [Async Chat Thread - #9/INFO]: [Not Secure] <SparedArt4990> -631.80 81.00 14.60
